<?xml version="1.0" encoding="UTF-8"?>
<testsuite xmlns:xsi="http://www.w3.org/2001/XMLSchema-instance" xsi:noNamespaceSchemaLocation="https://maven.apache.org/surefire/maven-surefire-plugin/xsd/surefire-test-report-3.0.xsd" version="3.0" name="com.docencia.personas.repository.PersonaRepositoryTest" time="3.92" tests="1" errors="0" skipped="0" failures="0">
  <properties>
[...]
</properties>
  <testcase name="testFind" classname="com.docencia.personas.repository.PersonaRepositoryTest" time="0.832">
    <system-out><![CDATA[15:33:30.343 [main] INFO org.springframework.test.context.support.AnnotationConfigContextLoaderUtils -- Could not detect default configuration classes for test class [com.docencia.personas.repository.PersonaRepositoryTest]: PersonaRepositoryTest does not declare any static, non-private, non-final, nested classes annotated with @Configuration.
15:33:30.508 [main] INFO org.springframework.boot.test.context.SpringBootTestContextBootstrapper -- Found @SpringBootConfiguration com.docencia.personas.PersonasApplication for test class com.docencia.personas.repository.PersonaRepositoryTest

  .   ____          _            __ _ _
 /\\ / ___'_ __ _ _(_)_ __  __ _ \ \ \ \
( ( )\___ | '_ | '_| | '_ \/ _` | \ \ \ \
 \\/  ___)| |_)| | | | | || (_| |  ) ) ) )
  '  |____| .__|_| |_|_| |_\__, | / / / /
 =========|_|==============|___/=/_/_/_/
 :: Spring Boot ::                (v3.2.0)

2025-11-21T15:33:31.103Z  INFO 34617 --- [personas-mongo-crud] [           main] c.d.p.repository.PersonaRepositoryTest   : Starting PersonaRepositoryTest using Java 25 with PID 34617 (started by portablepc in /home/portablepc/Escritorio/crud-mongo)
2025-11-21T15:33:31.104Z DEBUG 34617 --- [personas-mongo-crud] [           main] c.d.p.repository.PersonaRepositoryTest   : Running with Spring Boot v3.2.0, Spring v6.1.1
2025-11-21T15:33:31.106Z  INFO 34617 --- [personas-mongo-crud] [           main] c.d.p.repository.PersonaRepositoryTest   : No active profile set, falling back to 1 default profile: "default"
2025-11-21T15:33:31.835Z  INFO 34617 --- [personas-mongo-crud] [           main] .s.d.r.c.RepositoryConfigurationDelegate : Bootstrapping Spring Data MongoDB repositories in DEFAULT mode.
2025-11-21T15:33:31.894Z  INFO 34617 --- [personas-mongo-crud] [           main] .s.d.r.c.RepositoryConfigurationDelegate : Finished Spring Data repository scanning in 54 ms. Found 1 MongoDB repository interface.
2025-11-21T15:33:32.892Z  INFO 34617 --- [personas-mongo-crud] [           main] org.mongodb.driver.client                : MongoClient with metadata {"driver": {"name": "mongo-java-driver|sync|spring-boot", "version": "4.11.1"}, "os": {"type": "Linux", "name": "Linux", "architecture": "amd64", "version": "6.8.0-87-generic"}, "platform": "Java/Oracle Corporation/25+36-3489"} created with settings MongoClientSettings{readPreference=primary, writeConcern=WriteConcern{w=null, wTimeout=null ms, journal=null}, retryWrites=true, retryReads=true, readConcern=ReadConcern{level=null}, credential=MongoCredential{mechanism=null, userName='root', source='admin', password=<hidden>, mechanismProperties=<hidden>}, transportSettings=null, streamFactoryFactory=null, commandListeners=[], codecRegistry=ProvidersCodecRegistry{codecProviders=[ValueCodecProvider{}, BsonValueCodecProvider{}, DBRefCodecProvider{}, DBObjectCodecProvider{}, DocumentCodecProvider{}, CollectionCodecProvider{}, IterableCodecProvider{}, MapCodecProvider{}, GeoJsonCodecProvider{}, GridFSFileCodecProvider{}, Jsr310CodecProvider{}, JsonObjectCodecProvider{}, BsonCodecProvider{}, EnumCodecProvider{}, com.mongodb.client.model.mql.ExpressionCodecProvider@4f281aaf, com.mongodb.Jep395RecordCodecProvider@5d508d22, com.mongodb.KotlinCodecProvider@f2b90fc]}, loggerSettings=LoggerSettings{maxDocumentLength=1000}, clusterSettings={hosts=[localhost:27017], srvServiceName=mongodb, mode=SINGLE, requiredClusterType=UNKNOWN, requiredReplicaSetName='null', serverSelector='null', clusterListeners='[]', serverSelectionTimeout='30000 ms', localThreshold='15 ms'}, socketSettings=SocketSettings{connectTimeoutMS=10000, readTimeoutMS=0, receiveBufferSize=0, proxySettings=ProxySettings{host=null, port=null, username=null, password=null}}, heartbeatSocketSettings=SocketSettings{connectTimeoutMS=10000, readTimeoutMS=10000, receiveBufferSize=0, proxySettings=ProxySettings{host=null, port=null, username=null, password=null}}, connectionPoolSettings=ConnectionPoolSettings{maxSize=100, minSize=0, maxWaitTimeMS=120000, maxConnectionLifeTimeMS=0, maxConnectionIdleTimeMS=0, maintenanceInitialDelayMS=0, maintenanceFrequencyMS=60000, connectionPoolListeners=[], maxConnecting=2}, serverSettings=ServerSettings{heartbeatFrequencyMS=10000, minHeartbeatFrequencyMS=500, serverListeners='[]', serverMonitorListeners='[]'}, sslSettings=SslSettings{enabled=false, invalidHostNameAllowed=false, context=null}, applicationName='null', compressorList=[], uuidRepresentation=JAVA_LEGACY, serverApi=null, autoEncryptionSettings=null, dnsClient=null, inetAddressResolver=null, contextProvider=null}
2025-11-21T15:33:32.915Z  INFO 34617 --- [personas-mongo-crud] [localhost:27017] org.mongodb.driver.cluster               : Monitor thread successfully connected to server with description ServerDescription{address=localhost:27017, type=STANDALONE, state=CONNECTED, ok=true, minWireVersion=0, maxWireVersion=21, maxDocumentSize=16777216, logicalSessionTimeoutMinutes=30, roundTripTimeNanos=15342598}
2025-11-21T15:33:33.245Z  INFO 34617 --- [personas-mongo-crud] [           main] c.d.p.repository.PersonaRepositoryTest   : Started PersonaRepositoryTest in 2.545 seconds (process running for 3.676)
2025-11-21T15:33:33.900Z DEBUG 34617 --- [personas-mongo-crud] [           main] o.s.data.mongodb.core.MongoTemplate      : Remove using query: {} in collection: personas.
2025-11-21T15:33:34.045Z DEBUG 34617 --- [personas-mongo-crud] [           main] o.s.data.mongodb.core.MongoTemplate      : Inserting Document containing fields: [nombre, edad, email, direccion, _class] in collection: personas
2025-11-21T15:33:34.064Z DEBUG 34617 --- [personas-mongo-crud] [           main] o.s.data.mongodb.core.MongoTemplate      : Executing count: {} in collection: personas
]]></system-out>
    <system-err><![CDATA[WARNING: A Java agent has been loaded dynamically (/home/portablepc/.m2/repository/net/bytebuddy/byte-buddy-agent/1.14.10/byte-buddy-agent-1.14.10.jar)
WARNING: If a serviceability tool is in use, please run with -XX:+EnableDynamicAgentLoading to hide this warning
WARNING: If a serviceability tool is not in use, please run with -Djdk.instrument.traceUsage for more information
WARNING: Dynamic loading of agents will be disallowed by default in a future release
]]></system-err>
  </testcase>
</testsuite>